08-30 14:32:39unit created08-30 14:32:43unit created08-30 14:32:45unit created08-30 14:32:34 ===Create your unit===

Please choose a profession for your unit("0" for Tanker,"1" for Warrior):
 Please name your unit:
[ID:1, NAME:1, profession:Warrior, HP:100, EXP:0, RANK:1, ATK:15, DEF:4]

Please choose a profession for your unit("0" for Tanker,"1" for Warrior):
 Please name your unit:
[ID:2, NAME:2, profession:Warrior, HP:100, EXP:0, RANK:1, ATK:6, DEF:5]

Please choose a profession for your unit("0" for Tanker,"1" for Warrior):
 Please name your unit:
[ID:3, NAME:3, profession:Warrior, HP:100, EXP:0, RANK:1, ATK:15, DEF:9]

===player's team===
[ID:1, NAME:1, profession:Warrior, HP:100, EXP:0, RANK:1, ATK:15, DEF:4]
[ID:2, NAME:2, profession:Warrior, HP:100, EXP:0, RANK:1, ATK:6, DEF:5]
[ID:3, NAME:3, profession:Warrior, HP:100, EXP:0, RANK:1, ATK:15, DEF:9]
===Press ENTER to continue===

===enemy team===
[ID:1, NAME:AI40, profession:Warrior, HP:100, EXP:0, RANK:1, ATK:17, DEF:7]
[ID:2, NAME:AI14, profession:Tanker, HP:100, EXP:0, RANK:1, ATK:1, DEF:8]
[ID:3, NAME:AI44, profession:Tanker, HP:100, EXP:0, RANK:1, ATK:5, DEF:13]
===Press ENTER to continue===
please choose your unit by enter his/her id :
08-30T 14:32:51 ID(1) is selected
[ID:1, NAME:1, profession:Warrior, HP:100, EXP:0, RANK:1, ATK:15, DEF:4]

please choose enemy unit you want to attack by enter his/her id :
08-30T 14:32:52 ID(2) is selected
[ID:2, NAME:AI14, profession:Tanker, HP:100, EXP:0, RANK:1, ATK:1, DEF:8]


===Attacking...===
[ID:1, NAME:1, profession:Warrior, HP:98, EXP:10, RANK:1, ATK:15, DEF:4]
[ID:2, NAME:AI14, profession:Tanker, HP:90, EXP:2, RANK:1, ATK:1, DEF:8]
===Attack finished===

===AI's turn===
===Attacking...===
[ID:3, NAME:3, profession:Warrior, HP:99, EXP:5, RANK:1, ATK:15, DEF:9]
[ID:3, NAME:AI44, profession:Tanker, HP:95, EXP:1, RANK:1, ATK:5, DEF:13]
===Attack finished===


===player's team===
[ID:1, NAME:1, profession:Warrior, HP:98, EXP:10, RANK:1, ATK:15, DEF:4]
[ID:2, NAME:2, profession:Warrior, HP:100, EXP:0, RANK:1, ATK:6, DEF:5]
[ID:3, NAME:3, profession:Warrior, HP:99, EXP:5, RANK:1, ATK:15, DEF:9]

===enemy team===
[ID:1, NAME:AI40, profession:Warrior, HP:100, EXP:0, RANK:1, ATK:17, DEF:7]
[ID:2, NAME:AI14, profession:Tanker, HP:90, EXP:2, RANK:1, ATK:1, DEF:8]
[ID:3, NAME:AI44, profession:Tanker, HP:95, EXP:1, RANK:1, ATK:5, DEF:13]

Do you want to turn on the auto attack? (y/n)
===Attacking...===
[ID:2, NAME:2, profession:Warrior, HP:95, EXP:1, RANK:1, ATK:6, DEF:5]
[ID:2, NAME:AI14, profession:Tanker, HP:89, EXP:7, RANK:1, ATK:1, DEF:8]
===Attack finished===

===Attacking...===
[ID:3, NAME:3, profession:Warrior, HP:96, EXP:10, RANK:1, ATK:15, DEF:9]
[ID:3, NAME:AI44, profession:Tanker, HP:90, EXP:4, RANK:1, ATK:5, DEF:13]
===Attack finished===

===Attacking...===
[ID:1, NAME:1, profession:Warrior, HP:95, EXP:21, RANK:1, ATK:15, DEF:4]
[ID:2, NAME:AI14, profession:Tanker, HP:78, EXP:10, RANK:1, ATK:1, DEF:8]
===Attack finished===

===Attacking...===
[ID:2, NAME:2, profession:Warrior, HP:93, EXP:3, RANK:1, ATK:6, DEF:5]
[ID:2, NAME:AI14, profession:Tanker, HP:76, EXP:12, RANK:1, ATK:1, DEF:8]
===Attack finished===

===Attacking...===
[ID:1, NAME:1, profession:Warrior, HP:93, EXP:31, RANK:1, ATK:15, DEF:4]
[ID:2, NAME:AI14, profession:Tanker, HP:66, EXP:14, RANK:1, ATK:1, DEF:8]
===Attack finished===

===Attacking...===
[ID:3, NAME:3, profession:Warrior, HP:92, EXP:19, RANK:1, ATK:15, DEF:9]
[ID:2, NAME:AI14, profession:Tanker, HP:57, EXP:18, RANK:1, ATK:1, DEF:8]
===Attack finished===

===Attacking...===
[ID:2, NAME:2, profession:Warrior, HP:80, EXP:7, RANK:1, ATK:6, DEF:5]
[ID:1, NAME:AI40, profession:Warrior, HP:96, EXP:13, RANK:1, ATK:17, DEF:7]
===Attack finished===

===Attacking...===
[ID:1, NAME:1, profession:Warrior, HP:92, EXP:38, RANK:1, ATK:15, DEF:4]
[ID:3, NAME:AI44, profession:Tanker, HP:83, EXP:5, RANK:1, ATK:5, DEF:13]
===Attack finished===

===Attacking...===
[ID:2, NAME:2, profession:Warrior, HP:64, EXP:11, RANK:1, ATK:6, DEF:5]
[ID:1, NAME:AI40, profession:Warrior, HP:92, EXP:29, RANK:1, ATK:17, DEF:7]
===Attack finished===

===Attacking...===
[ID:1, NAME:1, profession:Warrior, HP:89, EXP:41, RANK:1, ATK:15, DEF:4]
[ID:3, NAME:AI44, profession:Tanker, HP:80, EXP:8, RANK:1, ATK:5, DEF:13]
===Attack finished===

===Attacking...===
[ID:2, NAME:2, profession:Warrior, HP:47, EXP:13, RANK:1, ATK:6, DEF:5]
[ID:1, NAME:AI40, profession:Warrior, HP:90, EXP:46, RANK:1, ATK:17, DEF:7]
===Attack finished===

===Attacking...===
[ID:2, NAME:2, profession:Warrior, HP:44, EXP:15, RANK:1, ATK:6, DEF:5]
[ID:2, NAME:AI14, profession:Tanker, HP:55, EXP:21, RANK:1, ATK:1, DEF:8]
===Attack finished===

===Attacking...===
[ID:2, NAME:2, profession:Warrior, HP:40, EXP:17, RANK:1, ATK:6, DEF:5]
[ID:3, NAME:AI44, profession:Tanker, HP:78, EXP:12, RANK:1, ATK:5, DEF:13]
===Attack finished===

===Attacking...===
[ID:3, NAME:3, profession:Warrior, HP:88, EXP:27, RANK:1, ATK:15, DEF:9]
[ID:2, NAME:AI14, profession:Tanker, HP:47, EXP:25, RANK:1, ATK:1, DEF:8]
===Attack finished===

===Attacking...===
[ID:3, NAME:3, profession:Warrior, HP:77, EXP:40, RANK:1, ATK:15, DEF:9]
[ID:1, NAME:AI40, profession:Warrior, HP:77, EXP:57, RANK:1, ATK:17, DEF:7]
===Attack finished===

===Attacking...===
[ID:2, NAME:2, profession:Warrior, HP:37, EXP:21, RANK:1, ATK:6, DEF:5]
[ID:3, NAME:AI44, profession:Tanker, HP:74, EXP:15, RANK:1, ATK:5, DEF:13]
===Attack finished===

===Attacking...===
[ID:3, NAME:3, profession:Warrior, HP:73, EXP:51, RANK:1, ATK:15, DEF:9]
[ID:2, NAME:AI14, profession:Tanker, HP:36, EXP:29, RANK:1, ATK:1, DEF:8]
===Attack finished===

===Attacking...===
[ID:1, NAME:1, profession:Warrior, HP:71, EXP:54, RANK:1, ATK:15, DEF:4]
[ID:1, NAME:AI40, profession:Warrior, HP:64, EXP:75, RANK:1, ATK:17, DEF:7]
===Attack finished===

===Attacking...===
[ID:2, NAME:2, profession:Warrior, HP:35, EXP:24, RANK:1, ATK:6, DEF:5]
[ID:3, NAME:AI44, profession:Tanker, HP:71, EXP:17, RANK:1, ATK:5, DEF:13]
===Attack finished===

===Attacking...===
[ID:2, NAME:2, profession:Warrior, HP:19, EXP:29, RANK:1, ATK:6, DEF:5]
[ID:1, NAME:AI40, profession:Warrior, HP:59, EXP:91, RANK:1, ATK:17, DEF:7]
===Attack finished===

===Attacking...===
[ID:2, NAME:2, profession:Warrior, HP:14, EXP:32, RANK:1, ATK:6, DEF:5]
[ID:2, NAME:AI14, profession:Tanker, HP:33, EXP:34, RANK:1, ATK:1, DEF:8]
===Attack finished===

===Attacking...===
[Dead][ID:2, NAME:2, profession:Warrior, HP:0, EXP:34, RANK:1, ATK:6, DEF:5]
[ID:1, NAME:AI40, profession:Warrior, HP:57, EXP:107, RANK:1, ATK:17, DEF:7]
===Attack finished===

'AI40' is upgrated !
===Attacking...===
[ID:3, NAME:3, profession:Warrior, HP:54, EXP:62, RANK:1, ATK:15, DEF:9]
[ID:1, NAME:AI40, profession:Warrior, HP:68, EXP:26, RANK:2, ATK:23, DEF:9]
===Attack finished===

===Attacking...===
[ID:3, NAME:3, profession:Warrior, HP:39, EXP:71, RANK:1, ATK:15, DEF:9]
[ID:1, NAME:AI40, profession:Warrior, HP:59, EXP:41, RANK:2, ATK:23, DEF:9]
===Attack finished===

===Attacking...===
[ID:3, NAME:3, profession:Warrior, HP:34, EXP:74, RANK:1, ATK:15, DEF:9]
[ID:3, NAME:AI44, profession:Tanker, HP:68, EXP:22, RANK:1, ATK:5, DEF:13]
===Attack finished===

===Attacking...===
[ID:3, NAME:3, profession:Warrior, HP:28, EXP:78, RANK:1, ATK:15, DEF:9]
[ID:3, NAME:AI44, profession:Tanker, HP:64, EXP:28, RANK:1, ATK:5, DEF:13]
===Attack finished===

===Attacking...===
[ID:3, NAME:3, profession:Warrior, HP:27, EXP:87, RANK:1, ATK:15, DEF:9]
[ID:2, NAME:AI14, profession:Tanker, HP:24, EXP:35, RANK:1, ATK:1, DEF:8]
===Attack finished===

===Attacking...===
[ID:3, NAME:3, profession:Warrior, HP:25, EXP:90, RANK:1, ATK:15, DEF:9]
[ID:3, NAME:AI44, profession:Tanker, HP:61, EXP:30, RANK:1, ATK:5, DEF:13]
===Attack finished===

===Attacking...===
[ID:1, NAME:1, profession:Warrior, HP:67, EXP:58, RANK:1, ATK:15, DEF:4]
[ID:3, NAME:AI44, profession:Tanker, HP:57, EXP:34, RANK:1, ATK:5, DEF:13]
===Attack finished===

===Attacking...===
[ID:3, NAME:3, profession:Warrior, HP:22, EXP:98, RANK:1, ATK:15, DEF:9]
[ID:2, NAME:AI14, profession:Tanker, HP:16, EXP:38, RANK:1, ATK:1, DEF:8]
===Attack finished===

===Attacking...===
[ID:3, NAME:3, profession:Warrior, HP:7, EXP:104, RANK:1, ATK:15, DEF:9]
[ID:1, NAME:AI40, profession:Warrior, HP:53, EXP:56, RANK:2, ATK:23, DEF:9]
===Attack finished===

'3' is upgrated !
===Attacking...===
[ID:1, NAME:1, profession:Warrior, HP:66, EXP:67, RANK:1, ATK:15, DEF:4]
[ID:2, NAME:AI14, profession:Tanker, HP:7, EXP:39, RANK:1, ATK:1, DEF:8]
===Attack finished===

===Attacking...===
[ID:1, NAME:1, profession:Warrior, HP:44, EXP:74, RANK:1, ATK:15, DEF:4]
[ID:1, NAME:AI40, profession:Warrior, HP:46, EXP:78, RANK:2, ATK:23, DEF:9]
===Attack finished===

===Attacking...===
[ID:1, NAME:1, profession:Warrior, HP:25, EXP:84, RANK:1, ATK:15, DEF:4]
[ID:1, NAME:AI40, profession:Warrior, HP:36, EXP:97, RANK:2, ATK:23, DEF:9]
===Attack finished===

===Attacking...===
[ID:3, NAME:3, profession:Warrior, HP:21, EXP:9, RANK:2, ATK:18, DEF:12]
[ID:3, NAME:AI44, profession:Tanker, HP:52, EXP:36, RANK:1, ATK:5, DEF:13]
===Attack finished===

===Attacking...===
[ID:1, NAME:1, profession:Warrior, HP:24, EXP:95, RANK:1, ATK:15, DEF:4]
[Dead][ID:2, NAME:AI14, profession:Tanker, HP:0, EXP:40, RANK:1, ATK:1, DEF:8]
===Attack finished===

===Attacking...===
[ID:1, NAME:1, profession:Warrior, HP:1, EXP:105, RANK:1, ATK:15, DEF:4]
[ID:1, NAME:AI40, profession:Warrior, HP:26, EXP:120, RANK:2, ATK:23, DEF:9]
===Attack finished===

'1' is upgrated !
'AI40' is upgrated !
===Attacking...===
[ID:3, NAME:3, profession:Warrior, HP:4, EXP:18, RANK:2, ATK:18, DEF:12]
[ID:1, NAME:AI40, profession:Warrior, HP:41, EXP:37, RANK:3, ATK:29, DEF:12]
===Attack finished===

===Attacking...===
[ID:1, NAME:1, profession:Warrior, HP:14, EXP:13, RANK:2, ATK:21, DEF:5]
[ID:3, NAME:AI44, profession:Tanker, HP:44, EXP:42, RANK:1, ATK:5, DEF:13]
===Attack finished===

===Attacking...===
[ID:1, NAME:1, profession:Warrior, HP:12, EXP:21, RANK:2, ATK:21, DEF:5]
[ID:3, NAME:AI44, profession:Tanker, HP:36, EXP:44, RANK:1, ATK:5, DEF:13]
===Attack finished===

===Attacking...===
[ID:1, NAME:1, profession:Warrior, HP:8, EXP:34, RANK:2, ATK:21, DEF:5]
[ID:3, NAME:AI44, profession:Tanker, HP:23, EXP:48, RANK:1, ATK:5, DEF:13]
===Attack finished===

===Attacking...===
[Dead][ID:3, NAME:3, profession:Warrior, HP:0, EXP:23, RANK:2, ATK:18, DEF:12]
[ID:3, NAME:AI44, profession:Tanker, HP:18, EXP:53, RANK:1, ATK:5, DEF:13]
===Attack finished===

===Attacking...===
[Dead][ID:1, NAME:1, profession:Warrior, HP:0, EXP:44, RANK:2, ATK:21, DEF:5]
[ID:1, NAME:AI40, profession:Warrior, HP:31, EXP:62, RANK:3, ATK:29, DEF:12]
===Attack finished===

Game Over! You lost!

===player's team===
[Dead][ID:1, NAME:1, profession:Warrior, HP:0, EXP:44, RANK:2, ATK:21, DEF:5]
[Dead][ID:2, NAME:2, profession:Warrior, HP:0, EXP:34, RANK:1, ATK:6, DEF:5]
[Dead][ID:3, NAME:3, profession:Warrior, HP:0, EXP:23, RANK:2, ATK:18, DEF:12]

===enemy team===
[ID:1, NAME:AI40, profession:Warrior, HP:31, EXP:62, RANK:3, ATK:29, DEF:12]
[Dead][ID:2, NAME:AI14, profession:Tanker, HP:0, EXP:40, RANK:1, ATK:1, DEF:8]
[ID:3, NAME:AI44, profession:Tanker, HP:18, EXP:53, RANK:1, ATK:5, DEF:13]
Game Over! You lost!
08-30 14:32:34 ===Create your unit===

Please choose a profession for your unit("0" for Tanker,"1" for Warrior):
 Please name your unit:
[ID:1, NAME:1, profession:Warrior, HP:100, EXP:0, RANK:1, ATK:15, DEF:4]

Please choose a profession for your unit("0" for Tanker,"1" for Warrior):
 Please name your unit:
[ID:2, NAME:2, profession:Warrior, HP:100, EXP:0, RANK:1, ATK:6, DEF:5]

Please choose a profession for your unit("0" for Tanker,"1" for Warrior):
 Please name your unit:
[ID:3, NAME:3, profession:Warrior, HP:100, EXP:0, RANK:1, ATK:15, DEF:9]

===player's team===
[ID:1, NAME:1, profession:Warrior, HP:100, EXP:0, RANK:1, ATK:15, DEF:4]
[ID:2, NAME:2, profession:Warrior, HP:100, EXP:0, RANK:1, ATK:6, DEF:5]
[ID:3, NAME:3, profession:Warrior, HP:100, EXP:0, RANK:1, ATK:15, DEF:9]
===Press ENTER to continue===

===enemy team===
[ID:1, NAME:AI40, profession:Warrior, HP:100, EXP:0, RANK:1, ATK:17, DEF:7]
[ID:2, NAME:AI14, profession:Tanker, HP:100, EXP:0, RANK:1, ATK:1, DEF:8]
[ID:3, NAME:AI44, profession:Tanker, HP:100, EXP:0, RANK:1, ATK:5, DEF:13]
===Press ENTER to continue===
please choose your unit by enter his/her id :
08-30T 14:32:51 ID(1) is selected
[ID:1, NAME:1, profession:Warrior, HP:100, EXP:0, RANK:1, ATK:15, DEF:4]

please choose enemy unit you want to attack by enter his/her id :
08-30T 14:32:52 ID(2) is selected
[ID:2, NAME:AI14, profession:Tanker, HP:100, EXP:0, RANK:1, ATK:1, DEF:8]


===Attacking...===
[ID:1, NAME:1, profession:Warrior, HP:98, EXP:10, RANK:1, ATK:15, DEF:4]
[ID:2, NAME:AI14, profession:Tanker, HP:90, EXP:2, RANK:1, ATK:1, DEF:8]
===Attack finished===

===AI's turn===
===Attacking...===
[ID:3, NAME:3, profession:Warrior, HP:99, EXP:5, RANK:1, ATK:15, DEF:9]
[ID:3, NAME:AI44, profession:Tanker, HP:95, EXP:1, RANK:1, ATK:5, DEF:13]
===Attack finished===


===player's team===
[ID:1, NAME:1, profession:Warrior, HP:98, EXP:10, RANK:1, ATK:15, DEF:4]
[ID:2, NAME:2, profession:Warrior, HP:100, EXP:0, RANK:1, ATK:6, DEF:5]
[ID:3, NAME:3, profession:Warrior, HP:99, EXP:5, RANK:1, ATK:15, DEF:9]

===enemy team===
[ID:1, NAME:AI40, profession:Warrior, HP:100, EXP:0, RANK:1, ATK:17, DEF:7]
[ID:2, NAME:AI14, profession:Tanker, HP:90, EXP:2, RANK:1, ATK:1, DEF:8]
[ID:3, NAME:AI44, profession:Tanker, HP:95, EXP:1, RANK:1, ATK:5, DEF:13]

Do you want to turn on the auto attack? (y/n)
===Attacking...===
[ID:2, NAME:2, profession:Warrior, HP:95, EXP:1, RANK:1, ATK:6, DEF:5]
[ID:2, NAME:AI14, profession:Tanker, HP:89, EXP:7, RANK:1, ATK:1, DEF:8]
===Attack finished===

===Attacking...===
[ID:3, NAME:3, profession:Warrior, HP:96, EXP:10, RANK:1, ATK:15, DEF:9]
[ID:3, NAME:AI44, profession:Tanker, HP:90, EXP:4, RANK:1, ATK:5, DEF:13]
===Attack finished===

===Attacking...===
[ID:1, NAME:1, profession:Warrior, HP:95, EXP:21, RANK:1, ATK:15, DEF:4]
[ID:2, NAME:AI14, profession:Tanker, HP:78, EXP:10, RANK:1, ATK:1, DEF:8]
===Attack finished===

===Attacking...===
[ID:2, NAME:2, profession:Warrior, HP:93, EXP:3, RANK:1, ATK:6, DEF:5]
[ID:2, NAME:AI14, profession:Tanker, HP:76, EXP:12, RANK:1, ATK:1, DEF:8]
===Attack finished===

===Attacking...===
[ID:1, NAME:1, profession:Warrior, HP:93, EXP:31, RANK:1, ATK:15, DEF:4]
[ID:2, NAME:AI14, profession:Tanker, HP:66, EXP:14, RANK:1, ATK:1, DEF:8]
===Attack finished===

===Attacking...===
[ID:3, NAME:3, profession:Warrior, HP:92, EXP:19, RANK:1, ATK:15, DEF:9]
[ID:2, NAME:AI14, profession:Tanker, HP:57, EXP:18, RANK:1, ATK:1, DEF:8]
===Attack finished===

===Attacking...===
[ID:2, NAME:2, profession:Warrior, HP:80, EXP:7, RANK:1, ATK:6, DEF:5]
[ID:1, NAME:AI40, profession:Warrior, HP:96, EXP:13, RANK:1, ATK:17, DEF:7]
===Attack finished===

===Attacking...===
[ID:1, NAME:1, profession:Warrior, HP:92, EXP:38, RANK:1, ATK:15, DEF:4]
[ID:3, NAME:AI44, profession:Tanker, HP:83, EXP:5, RANK:1, ATK:5, DEF:13]
===Attack finished===

===Attacking...===
[ID:2, NAME:2, profession:Warrior, HP:64, EXP:11, RANK:1, ATK:6, DEF:5]
[ID:1, NAME:AI40, profession:Warrior, HP:92, EXP:29, RANK:1, ATK:17, DEF:7]
===Attack finished===

===Attacking...===
[ID:1, NAME:1, profession:Warrior, HP:89, EXP:41, RANK:1, ATK:15, DEF:4]
[ID:3, NAME:AI44, profession:Tanker, HP:80, EXP:8, RANK:1, ATK:5, DEF:13]
===Attack finished===

===Attacking...===
[ID:2, NAME:2, profession:Warrior, HP:47, EXP:13, RANK:1, ATK:6, DEF:5]
[ID:1, NAME:AI40, profession:Warrior, HP:90, EXP:46, RANK:1, ATK:17, DEF:7]
===Attack finished===

===Attacking...===
[ID:2, NAME:2, profession:Warrior, HP:44, EXP:15, RANK:1, ATK:6, DEF:5]
[ID:2, NAME:AI14, profession:Tanker, HP:55, EXP:21, RANK:1, ATK:1, DEF:8]
===Attack finished===

===Attacking...===
[ID:2, NAME:2, profession:Warrior, HP:40, EXP:17, RANK:1, ATK:6, DEF:5]
[ID:3, NAME:AI44, profession:Tanker, HP:78, EXP:12, RANK:1, ATK:5, DEF:13]
===Attack finished===

===Attacking...===
[ID:3, NAME:3, profession:Warrior, HP:88, EXP:27, RANK:1, ATK:15, DEF:9]
[ID:2, NAME:AI14, profession:Tanker, HP:47, EXP:25, RANK:1, ATK:1, DEF:8]
===Attack finished===

===Attacking...===
[ID:3, NAME:3, profession:Warrior, HP:77, EXP:40, RANK:1, ATK:15, DEF:9]
[ID:1, NAME:AI40, profession:Warrior, HP:77, EXP:57, RANK:1, ATK:17, DEF:7]
===Attack finished===

===Attacking...===
[ID:2, NAME:2, profession:Warrior, HP:37, EXP:21, RANK:1, ATK:6, DEF:5]
[ID:3, NAME:AI44, profession:Tanker, HP:74, EXP:15, RANK:1, ATK:5, DEF:13]
===Attack finished===

===Attacking...===
[ID:3, NAME:3, profession:Warrior, HP:73, EXP:51, RANK:1, ATK:15, DEF:9]
[ID:2, NAME:AI14, profession:Tanker, HP:36, EXP:29, RANK:1, ATK:1, DEF:8]
===Attack finished===

===Attacking...===
[ID:1, NAME:1, profession:Warrior, HP:71, EXP:54, RANK:1, ATK:15, DEF:4]
[ID:1, NAME:AI40, profession:Warrior, HP:64, EXP:75, RANK:1, ATK:17, DEF:7]
===Attack finished===

===Attacking...===
[ID:2, NAME:2, profession:Warrior, HP:35, EXP:24, RANK:1, ATK:6, DEF:5]
[ID:3, NAME:AI44, profession:Tanker, HP:71, EXP:17, RANK:1, ATK:5, DEF:13]
===Attack finished===

===Attacking...===
[ID:2, NAME:2, profession:Warrior, HP:19, EXP:29, RANK:1, ATK:6, DEF:5]
[ID:1, NAME:AI40, profession:Warrior, HP:59, EXP:91, RANK:1, ATK:17, DEF:7]
===Attack finished===

===Attacking...===
[ID:2, NAME:2, profession:Warrior, HP:14, EXP:32, RANK:1, ATK:6, DEF:5]
[ID:2, NAME:AI14, profession:Tanker, HP:33, EXP:34, RANK:1, ATK:1, DEF:8]
===Attack finished===

===Attacking...===
[Dead][ID:2, NAME:2, profession:Warrior, HP:0, EXP:34, RANK:1, ATK:6, DEF:5]
[ID:1, NAME:AI40, profession:Warrior, HP:57, EXP:107, RANK:1, ATK:17, DEF:7]
===Attack finished===

'AI40' is upgrated !
===Attacking...===
[ID:3, NAME:3, profession:Warrior, HP:54, EXP:62, RANK:1, ATK:15, DEF:9]
[ID:1, NAME:AI40, profession:Warrior, HP:68, EXP:26, RANK:2, ATK:23, DEF:9]
===Attack finished===

===Attacking...===
[ID:3, NAME:3, profession:Warrior, HP:39, EXP:71, RANK:1, ATK:15, DEF:9]
[ID:1, NAME:AI40, profession:Warrior, HP:59, EXP:41, RANK:2, ATK:23, DEF:9]
===Attack finished===

===Attacking...===
[ID:3, NAME:3, profession:Warrior, HP:34, EXP:74, RANK:1, ATK:15, DEF:9]
[ID:3, NAME:AI44, profession:Tanker, HP:68, EXP:22, RANK:1, ATK:5, DEF:13]
===Attack finished===

===Attacking...===
[ID:3, NAME:3, profession:Warrior, HP:28, EXP:78, RANK:1, ATK:15, DEF:9]
[ID:3, NAME:AI44, profession:Tanker, HP:64, EXP:28, RANK:1, ATK:5, DEF:13]
===Attack finished===

===Attacking...===
[ID:3, NAME:3, profession:Warrior, HP:27, EXP:87, RANK:1, ATK:15, DEF:9]
[ID:2, NAME:AI14, profession:Tanker, HP:24, EXP:35, RANK:1, ATK:1, DEF:8]
===Attack finished===

===Attacking...===
[ID:3, NAME:3, profession:Warrior, HP:25, EXP:90, RANK:1, ATK:15, DEF:9]
[ID:3, NAME:AI44, profession:Tanker, HP:61, EXP:30, RANK:1, ATK:5, DEF:13]
===Attack finished===

===Attacking...===
[ID:1, NAME:1, profession:Warrior, HP:67, EXP:58, RANK:1, ATK:15, DEF:4]
[ID:3, NAME:AI44, profession:Tanker, HP:57, EXP:34, RANK:1, ATK:5, DEF:13]
===Attack finished===

===Attacking...===
[ID:3, NAME:3, profession:Warrior, HP:22, EXP:98, RANK:1, ATK:15, DEF:9]
[ID:2, NAME:AI14, profession:Tanker, HP:16, EXP:38, RANK:1, ATK:1, DEF:8]
===Attack finished===

===Attacking...===
[ID:3, NAME:3, profession:Warrior, HP:7, EXP:104, RANK:1, ATK:15, DEF:9]
[ID:1, NAME:AI40, profession:Warrior, HP:53, EXP:56, RANK:2, ATK:23, DEF:9]
===Attack finished===

'3' is upgrated !
===Attacking...===
[ID:1, NAME:1, profession:Warrior, HP:66, EXP:67, RANK:1, ATK:15, DEF:4]
[ID:2, NAME:AI14, profession:Tanker, HP:7, EXP:39, RANK:1, ATK:1, DEF:8]
===Attack finished===

===Attacking...===
[ID:1, NAME:1, profession:Warrior, HP:44, EXP:74, RANK:1, ATK:15, DEF:4]
[ID:1, NAME:AI40, profession:Warrior, HP:46, EXP:78, RANK:2, ATK:23, DEF:9]
===Attack finished===

===Attacking...===
[ID:1, NAME:1, profession:Warrior, HP:25, EXP:84, RANK:1, ATK:15, DEF:4]
[ID:1, NAME:AI40, profession:Warrior, HP:36, EXP:97, RANK:2, ATK:23, DEF:9]
===Attack finished===

===Attacking...===
[ID:3, NAME:3, profession:Warrior, HP:21, EXP:9, RANK:2, ATK:18, DEF:12]
[ID:3, NAME:AI44, profession:Tanker, HP:52, EXP:36, RANK:1, ATK:5, DEF:13]
===Attack finished===

===Attacking...===
[ID:1, NAME:1, profession:Warrior, HP:24, EXP:95, RANK:1, ATK:15, DEF:4]
[Dead][ID:2, NAME:AI14, profession:Tanker, HP:0, EXP:40, RANK:1, ATK:1, DEF:8]
===Attack finished===

===Attacking...===
[ID:1, NAME:1, profession:Warrior, HP:1, EXP:105, RANK:1, ATK:15, DEF:4]
[ID:1, NAME:AI40, profession:Warrior, HP:26, EXP:120, RANK:2, ATK:23, DEF:9]
===Attack finished===

'1' is upgrated !
'AI40' is upgrated !
===Attacking...===
[ID:3, NAME:3, profession:Warrior, HP:4, EXP:18, RANK:2, ATK:18, DEF:12]
[ID:1, NAME:AI40, profession:Warrior, HP:41, EXP:37, RANK:3, ATK:29, DEF:12]
===Attack finished===

===Attacking...===
[ID:1, NAME:1, profession:Warrior, HP:14, EXP:13, RANK:2, ATK:21, DEF:5]
[ID:3, NAME:AI44, profession:Tanker, HP:44, EXP:42, RANK:1, ATK:5, DEF:13]
===Attack finished===

===Attacking...===
[ID:1, NAME:1, profession:Warrior, HP:12, EXP:21, RANK:2, ATK:21, DEF:5]
[ID:3, NAME:AI44, profession:Tanker, HP:36, EXP:44, RANK:1, ATK:5, DEF:13]
===Attack finished===

===Attacking...===
[ID:1, NAME:1, profession:Warrior, HP:8, EXP:34, RANK:2, ATK:21, DEF:5]
[ID:3, NAME:AI44, profession:Tanker, HP:23, EXP:48, RANK:1, ATK:5, DEF:13]
===Attack finished===

===Attacking...===
[Dead][ID:3, NAME:3, profession:Warrior, HP:0, EXP:23, RANK:2, ATK:18, DEF:12]
[ID:3, NAME:AI44, profession:Tanker, HP:18, EXP:53, RANK:1, ATK:5, DEF:13]
===Attack finished===

===Attacking...===
[Dead][ID:1, NAME:1, profession:Warrior, HP:0, EXP:44, RANK:2, ATK:21, DEF:5]
[ID:1, NAME:AI40, profession:Warrior, HP:31, EXP:62, RANK:3, ATK:29, DEF:12]
===Attack finished===

Game Over! You lost!

===player's team===
[Dead][ID:1, NAME:1, profession:Warrior, HP:0, EXP:44, RANK:2, ATK:21, DEF:5]
[Dead][ID:2, NAME:2, profession:Warrior, HP:0, EXP:34, RANK:1, ATK:6, DEF:5]
[Dead][ID:3, NAME:3, profession:Warrior, HP:0, EXP:23, RANK:2, ATK:18, DEF:12]

===enemy team===
[ID:1, NAME:AI40, profession:Warrior, HP:31, EXP:62, RANK:3, ATK:29, DEF:12]
[Dead][ID:2, NAME:AI14, profession:Tanker, HP:0, EXP:40, RANK:1, ATK:1, DEF:8]
[ID:3, NAME:AI44, profession:Tanker, HP:18, EXP:53, RANK:1, ATK:5, DEF:13]
Game Over! You lost!
08-30 14:38:58 ===Create your unit===

Please choose a profession for your unit("0" for Tanker,"1" for Warrior):
 Please name your unit:
[ID:1, NAME:1, profession:Warrior, HP:100, EXP:0, RANK:1, ATK:13, DEF:1]

Please choose a profession for your unit("0" for Tanker,"1" for Warrior):
 Please name your unit:
[ID:2, NAME:2, profession:Tanker, HP:100, EXP:0, RANK:1, ATK:10, DEF:14]

Please choose a profession for your unit("0" for Tanker,"1" for Warrior):
 Please name your unit:
[ID:3, NAME:3, profession:Warrior, HP:100, EXP:0, RANK:1, ATK:10, DEF:1]
08-30 14:39:06 
===player's team===
[ID:1, NAME:1, profession:Warrior, HP:100, EXP:0, RANK:1, ATK:13, DEF:1]
[ID:2, NAME:2, profession:Tanker, HP:100, EXP:0, RANK:1, ATK:10, DEF:14]
[ID:3, NAME:3, profession:Warrior, HP:100, EXP:0, RANK:1, ATK:10, DEF:1]
===Press ENTER to continue===
08-30 14:39:13 
===enemy team===
[ID:1, NAME:AI33, profession:Tanker, HP:100, EXP:0, RANK:1, ATK:1, DEF:15]
[ID:2, NAME:AI60, profession:Warrior, HP:100, EXP:0, RANK:1, ATK:19, DEF:9]
[ID:3, NAME:AI39, profession:Warrior, HP:100, EXP:0, RANK:1, ATK:7, DEF:1]
===Press ENTER to continue===
please choose your unit by enter his/her id :
08-30T 14:39:28 ID(2) is selected
[ID:2, NAME:2, profession:Tanker, HP:100, EXP:0, RANK:1, ATK:10, DEF:14]

please choose enemy unit you want to attack by enter his/her id :
08-30T 14:39:30 ID(3) is selected
[ID:3, NAME:AI39, profession:Warrior, HP:100, EXP:0, RANK:1, ATK:7, DEF:1]


08-30 14:39:31 ===Attacking...===
[ID:2, NAME:2, profession:Tanker, HP:95, EXP:14, RANK:1, ATK:10, DEF:14]
[ID:3, NAME:AI39, profession:Warrior, HP:86, EXP:5, RANK:1, ATK:7, DEF:1]
08-30 14:39:32 ===Attack finished===

08-30 14:39:34 ===AI's turn===
08-30 14:39:36 ===Attacking...===
[ID:2, NAME:2, profession:Tanker, HP:93, EXP:17, RANK:1, ATK:10, DEF:14]
[ID:1, NAME:AI33, profession:Tanker, HP:97, EXP:2, RANK:1, ATK:1, DEF:15]
08-30 14:39:37 ===Attack finished===

08-30 14:39:38 
===player's team===
[ID:1, NAME:1, profession:Warrior, HP:100, EXP:0, RANK:1, ATK:13, DEF:1]
[ID:2, NAME:2, profession:Tanker, HP:93, EXP:17, RANK:1, ATK:10, DEF:14]
[ID:3, NAME:3, profession:Warrior, HP:100, EXP:0, RANK:1, ATK:10, DEF:1]
08-30 14:39:39 
===enemy team===
[ID:1, NAME:AI33, profession:Tanker, HP:97, EXP:2, RANK:1, ATK:1, DEF:15]
[ID:2, NAME:AI60, profession:Warrior, HP:100, EXP:0, RANK:1, ATK:19, DEF:9]
[ID:3, NAME:AI39, profession:Warrior, HP:86, EXP:5, RANK:1, ATK:7, DEF:1]

Do you want to turn on the auto attack? (y/n)
08-30 14:39:44 ===Attacking...===
[ID:1, NAME:1, profession:Warrior, HP:99, EXP:2, RANK:1, ATK:13, DEF:1]
[ID:1, NAME:AI33, profession:Tanker, HP:95, EXP:3, RANK:1, ATK:1, DEF:15]
08-30 14:39:45 ===Attack finished===

08-30 14:39:46 ===Attacking...===
[ID:2, NAME:2, profession:Tanker, HP:83, EXP:20, RANK:1, ATK:10, DEF:14]
[ID:2, NAME:AI60, profession:Warrior, HP:97, EXP:10, RANK:1, ATK:19, DEF:9]
08-30 14:39:47 ===Attack finished===

08-30 14:39:48 ===Attacking...===
[ID:3, NAME:3, profession:Warrior, HP:93, EXP:14, RANK:1, ATK:10, DEF:1]
[ID:3, NAME:AI39, profession:Warrior, HP:72, EXP:12, RANK:1, ATK:7, DEF:1]
08-30 14:39:49 ===Attack finished===

08-30 14:39:50 ===Attacking...===
[ID:2, NAME:2, profession:Tanker, HP:77, EXP:26, RANK:1, ATK:10, DEF:14]
[ID:2, NAME:AI60, profession:Warrior, HP:91, EXP:16, RANK:1, ATK:19, DEF:9]
08-30 14:39:51 ===Attack finished===

08-30 14:39:52 ===Attacking...===
[ID:1, NAME:1, profession:Warrior, HP:92, EXP:15, RANK:1, ATK:13, DEF:1]
[ID:3, NAME:AI39, profession:Warrior, HP:59, EXP:19, RANK:1, ATK:7, DEF:1]
08-30 14:39:53 ===Attack finished===

08-30 14:39:54 ===Attacking...===
[ID:2, NAME:2, profession:Tanker, HP:71, EXP:36, RANK:1, ATK:10, DEF:14]
[ID:3, NAME:AI39, profession:Warrior, HP:49, EXP:25, RANK:1, ATK:7, DEF:1]
08-30 14:39:55 ===Attack finished===

08-30 14:39:56 ===Attacking...===
[ID:3, NAME:3, profession:Warrior, HP:70, EXP:16, RANK:1, ATK:10, DEF:1]
[ID:2, NAME:AI60, profession:Warrior, HP:89, EXP:39, RANK:1, ATK:19, DEF:9]
08-30 14:39:57 ===Attack finished===

08-30 14:39:58 ===Attacking...===
[ID:3, NAME:3, profession:Warrior, HP:68, EXP:18, RANK:1, ATK:10, DEF:1]
[ID:1, NAME:AI33, profession:Tanker, HP:93, EXP:5, RANK:1, ATK:1, DEF:15]
08-30 14:39:59 ===Attack finished===

08-30 14:40:00 ===Attacking...===
[ID:1, NAME:1, profession:Warrior, HP:84, EXP:31, RANK:1, ATK:13, DEF:1]
[ID:3, NAME:AI39, profession:Warrior, HP:33, EXP:33, RANK:1, ATK:7, DEF:1]
08-30 14:40:01 ===Attack finished===

08-30 14:40:02 ===Attacking...===
[ID:2, NAME:2, profession:Tanker, HP:69, EXP:50, RANK:1, ATK:10, DEF:14]
[ID:3, NAME:AI39, profession:Warrior, HP:19, EXP:35, RANK:1, ATK:7, DEF:1]
08-30 14:40:03 ===Attack finished===

08-30 14:40:04 ===Attacking...===
[ID:2, NAME:2, profession:Tanker, HP:66, EXP:51, RANK:1, ATK:10, DEF:14]
[ID:1, NAME:AI33, profession:Tanker, HP:92, EXP:8, RANK:1, ATK:1, DEF:15]
08-30 14:40:05 ===Attack finished===

08-30 14:40:06 ===Attacking...===
[ID:2, NAME:2, profession:Tanker, HP:63, EXP:52, RANK:1, ATK:10, DEF:14]
[ID:1, NAME:AI33, profession:Tanker, HP:91, EXP:11, RANK:1, ATK:1, DEF:15]
08-30 14:40:07 ===Attack finished===

08-30 14:40:08 ===Attacking...===
[ID:2, NAME:2, profession:Tanker, HP:59, EXP:55, RANK:1, ATK:10, DEF:14]
[ID:1, NAME:AI33, profession:Tanker, HP:88, EXP:15, RANK:1, ATK:1, DEF:15]
08-30 14:40:09 ===Attack finished===

08-30 14:40:10 ===Attacking...===
[ID:1, NAME:1, profession:Warrior, HP:81, EXP:35, RANK:1, ATK:13, DEF:1]
[ID:1, NAME:AI33, profession:Tanker, HP:84, EXP:18, RANK:1, ATK:1, DEF:15]
08-30 14:40:11 ===Attack finished===

08-30 14:40:12 ===Attacking...===
[ID:3, NAME:3, profession:Warrior, HP:65, EXP:22, RANK:1, ATK:10, DEF:1]
[ID:1, NAME:AI33, profession:Tanker, HP:80, EXP:21, RANK:1, ATK:1, DEF:15]
08-30 14:40:13 ===Attack finished===

08-30 14:40:14 ===Attacking...===
[ID:2, NAME:2, profession:Tanker, HP:56, EXP:69, RANK:1, ATK:10, DEF:14]
[ID:3, NAME:AI39, profession:Warrior, HP:5, EXP:38, RANK:1, ATK:7, DEF:1]
08-30 14:40:15 ===Attack finished===

08-30 14:40:16 ===Attacking...===
[ID:3, NAME:3, profession:Warrior, HP:46, EXP:23, RANK:1, ATK:10, DEF:1]
[ID:2, NAME:AI60, profession:Warrior, HP:88, EXP:58, RANK:1, ATK:19, DEF:9]
08-30 14:40:17 ===Attack finished===

08-30 14:40:18 ===Attacking...===
[ID:3, NAME:3, profession:Warrior, HP:26, EXP:25, RANK:1, ATK:10, DEF:1]
[ID:2, NAME:AI60, profession:Warrior, HP:86, EXP:78, RANK:1, ATK:19, DEF:9]
08-30 14:40:19 ===Attack finished===

08-30 14:40:20 ===Attacking...===
[ID:1, NAME:1, profession:Warrior, HP:76, EXP:37, RANK:1, ATK:13, DEF:1]
[ID:1, NAME:AI33, profession:Tanker, HP:78, EXP:26, RANK:1, ATK:1, DEF:15]
08-30 14:40:21 ===Attack finished===

08-30 14:40:22 ===Attacking...===
[ID:2, NAME:2, profession:Tanker, HP:52, EXP:82, RANK:1, ATK:10, DEF:14]
[Dead][ID:3, NAME:AI39, profession:Warrior, HP:0, EXP:42, RANK:1, ATK:7, DEF:1]
08-30 14:40:23 ===Attack finished===

08-30 14:40:24 ===Attacking...===
[ID:1, NAME:1, profession:Warrior, HP:54, EXP:45, RANK:1, ATK:13, DEF:1]
[ID:2, NAME:AI60, profession:Warrior, HP:78, EXP:100, RANK:1, ATK:19, DEF:9]
08-30 14:40:25 ===Attack finished===

'AI60' is upgrated !
08-30 14:40:26 ===Attacking...===
[ID:1, NAME:1, profession:Warrior, HP:30, EXP:51, RANK:1, ATK:13, DEF:1]
[ID:2, NAME:AI60, profession:Warrior, HP:87, EXP:24, RANK:2, ATK:25, DEF:10]
08-30 14:40:27 ===Attack finished===

08-30 14:40:28 ===Attacking...===
[ID:2, NAME:2, profession:Tanker, HP:40, EXP:84, RANK:1, ATK:10, DEF:14]
[ID:2, NAME:AI60, profession:Warrior, HP:85, EXP:36, RANK:2, ATK:25, DEF:10]
08-30 14:40:29 ===Attack finished===

08-30 14:40:30 ===Attacking...===
[ID:1, NAME:1, profession:Warrior, HP:5, EXP:56, RANK:1, ATK:13, DEF:1]
[ID:2, NAME:AI60, profession:Warrior, HP:80, EXP:61, RANK:2, ATK:25, DEF:10]
08-30 14:40:31 ===Attack finished===

08-30 14:40:32 ===Attacking...===
[ID:2, NAME:2, profession:Tanker, HP:25, EXP:85, RANK:1, ATK:10, DEF:14]
[ID:2, NAME:AI60, profession:Warrior, HP:79, EXP:76, RANK:2, ATK:25, DEF:10]
08-30 14:40:33 ===Attack finished===

08-30 14:40:34 ===Attacking...===
[ID:2, NAME:2, profession:Tanker, HP:14, EXP:87, RANK:1, ATK:10, DEF:14]
[ID:2, NAME:AI60, profession:Warrior, HP:77, EXP:87, RANK:2, ATK:25, DEF:10]
08-30 14:40:35 ===Attack finished===

08-30 14:40:36 ===Attacking...===
[Dead][ID:1, NAME:1, profession:Warrior, HP:0, EXP:62, RANK:1, ATK:13, DEF:1]
[ID:2, NAME:AI60, profession:Warrior, HP:71, EXP:112, RANK:2, ATK:25, DEF:10]
08-30 14:40:37 ===Attack finished===

'AI60' is upgrated !
08-30 14:40:38 ===Attacking...===
[Dead][ID:2, NAME:2, profession:Tanker, HP:0, EXP:89, RANK:1, ATK:10, DEF:14]
[ID:2, NAME:AI60, profession:Warrior, HP:85, EXP:29, RANK:3, ATK:28, DEF:11]
08-30 14:40:39 ===Attack finished===

08-30 14:40:40 ===Attacking...===
[ID:3, NAME:3, profession:Warrior, HP:22, EXP:27, RANK:1, ATK:10, DEF:1]
[ID:1, NAME:AI33, profession:Tanker, HP:76, EXP:30, RANK:1, ATK:1, DEF:15]
08-30 14:40:41 ===Attack finished===

08-30 14:40:42 ===Attacking...===
[Dead][ID:3, NAME:3, profession:Warrior, HP:0, EXP:31, RANK:1, ATK:10, DEF:1]
[ID:2, NAME:AI60, profession:Warrior, HP:81, EXP:57, RANK:3, ATK:28, DEF:11]
08-30 14:40:43 ===Attack finished===

08-30 14:40:43 Game Over! You lost!
08-30 14:40:43 
===player's team===
[Dead][ID:1, NAME:1, profession:Warrior, HP:0, EXP:62, RANK:1, ATK:13, DEF:1]
[Dead][ID:2, NAME:2, profession:Tanker, HP:0, EXP:89, RANK:1, ATK:10, DEF:14]
[Dead][ID:3, NAME:3, profession:Warrior, HP:0, EXP:31, RANK:1, ATK:10, DEF:1]
08-30 14:40:43 
===enemy team===
[ID:1, NAME:AI33, profession:Tanker, HP:76, EXP:30, RANK:1, ATK:1, DEF:15]
[ID:2, NAME:AI60, profession:Warrior, HP:81, EXP:57, RANK:3, ATK:28, DEF:11]
[Dead][ID:3, NAME:AI39, profession:Warrior, HP:0, EXP:42, RANK:1, ATK:7, DEF:1]
08-30 14:40:43 Game Over! You lost!
08-30 14:38:58 ===Create your unit===

Please choose a profession for your unit("0" for Tanker,"1" for Warrior):
 Please name your unit:
[ID:1, NAME:1, profession:Warrior, HP:100, EXP:0, RANK:1, ATK:13, DEF:1]

Please choose a profession for your unit("0" for Tanker,"1" for Warrior):
 Please name your unit:
[ID:2, NAME:2, profession:Tanker, HP:100, EXP:0, RANK:1, ATK:10, DEF:14]

Please choose a profession for your unit("0" for Tanker,"1" for Warrior):
 Please name your unit:
[ID:3, NAME:3, profession:Warrior, HP:100, EXP:0, RANK:1, ATK:10, DEF:1]
08-30 14:39:06 
===player's team===
[ID:1, NAME:1, profession:Warrior, HP:100, EXP:0, RANK:1, ATK:13, DEF:1]
[ID:2, NAME:2, profession:Tanker, HP:100, EXP:0, RANK:1, ATK:10, DEF:14]
[ID:3, NAME:3, profession:Warrior, HP:100, EXP:0, RANK:1, ATK:10, DEF:1]
===Press ENTER to continue===
08-30 14:39:13 
===enemy team===
[ID:1, NAME:AI33, profession:Tanker, HP:100, EXP:0, RANK:1, ATK:1, DEF:15]
[ID:2, NAME:AI60, profession:Warrior, HP:100, EXP:0, RANK:1, ATK:19, DEF:9]
[ID:3, NAME:AI39, profession:Warrior, HP:100, EXP:0, RANK:1, ATK:7, DEF:1]
===Press ENTER to continue===
please choose your unit by enter his/her id :
08-30T 14:39:28 ID(2) is selected
[ID:2, NAME:2, profession:Tanker, HP:100, EXP:0, RANK:1, ATK:10, DEF:14]

please choose enemy unit you want to attack by enter his/her id :
08-30T 14:39:30 ID(3) is selected
[ID:3, NAME:AI39, profession:Warrior, HP:100, EXP:0, RANK:1, ATK:7, DEF:1]


08-30 14:39:31 ===Attacking...===
[ID:2, NAME:2, profession:Tanker, HP:95, EXP:14, RANK:1, ATK:10, DEF:14]
[ID:3, NAME:AI39, profession:Warrior, HP:86, EXP:5, RANK:1, ATK:7, DEF:1]
08-30 14:39:32 ===Attack finished===

08-30 14:39:34 ===AI's turn===
08-30 14:39:36 ===Attacking...===
[ID:2, NAME:2, profession:Tanker, HP:93, EXP:17, RANK:1, ATK:10, DEF:14]
[ID:1, NAME:AI33, profession:Tanker, HP:97, EXP:2, RANK:1, ATK:1, DEF:15]
08-30 14:39:37 ===Attack finished===

08-30 14:39:38 
===player's team===
[ID:1, NAME:1, profession:Warrior, HP:100, EXP:0, RANK:1, ATK:13, DEF:1]
[ID:2, NAME:2, profession:Tanker, HP:93, EXP:17, RANK:1, ATK:10, DEF:14]
[ID:3, NAME:3, profession:Warrior, HP:100, EXP:0, RANK:1, ATK:10, DEF:1]
08-30 14:39:39 
===enemy team===
[ID:1, NAME:AI33, profession:Tanker, HP:97, EXP:2, RANK:1, ATK:1, DEF:15]
[ID:2, NAME:AI60, profession:Warrior, HP:100, EXP:0, RANK:1, ATK:19, DEF:9]
[ID:3, NAME:AI39, profession:Warrior, HP:86, EXP:5, RANK:1, ATK:7, DEF:1]

Do you want to turn on the auto attack? (y/n)
08-30 14:39:44 ===Attacking...===
[ID:1, NAME:1, profession:Warrior, HP:99, EXP:2, RANK:1, ATK:13, DEF:1]
[ID:1, NAME:AI33, profession:Tanker, HP:95, EXP:3, RANK:1, ATK:1, DEF:15]
08-30 14:39:45 ===Attack finished===

08-30 14:39:46 ===Attacking...===
[ID:2, NAME:2, profession:Tanker, HP:83, EXP:20, RANK:1, ATK:10, DEF:14]
[ID:2, NAME:AI60, profession:Warrior, HP:97, EXP:10, RANK:1, ATK:19, DEF:9]
08-30 14:39:47 ===Attack finished===

08-30 14:39:48 ===Attacking...===
[ID:3, NAME:3, profession:Warrior, HP:93, EXP:14, RANK:1, ATK:10, DEF:1]
[ID:3, NAME:AI39, profession:Warrior, HP:72, EXP:12, RANK:1, ATK:7, DEF:1]
08-30 14:39:49 ===Attack finished===

08-30 14:39:50 ===Attacking...===
[ID:2, NAME:2, profession:Tanker, HP:77, EXP:26, RANK:1, ATK:10, DEF:14]
[ID:2, NAME:AI60, profession:Warrior, HP:91, EXP:16, RANK:1, ATK:19, DEF:9]
08-30 14:39:51 ===Attack finished===

08-30 14:39:52 ===Attacking...===
[ID:1, NAME:1, profession:Warrior, HP:92, EXP:15, RANK:1, ATK:13, DEF:1]
[ID:3, NAME:AI39, profession:Warrior, HP:59, EXP:19, RANK:1, ATK:7, DEF:1]
08-30 14:39:53 ===Attack finished===

08-30 14:39:54 ===Attacking...===
[ID:2, NAME:2, profession:Tanker, HP:71, EXP:36, RANK:1, ATK:10, DEF:14]
[ID:3, NAME:AI39, profession:Warrior, HP:49, EXP:25, RANK:1, ATK:7, DEF:1]
08-30 14:39:55 ===Attack finished===

08-30 14:39:56 ===Attacking...===
[ID:3, NAME:3, profession:Warrior, HP:70, EXP:16, RANK:1, ATK:10, DEF:1]
[ID:2, NAME:AI60, profession:Warrior, HP:89, EXP:39, RANK:1, ATK:19, DEF:9]
08-30 14:39:57 ===Attack finished===

08-30 14:39:58 ===Attacking...===
[ID:3, NAME:3, profession:Warrior, HP:68, EXP:18, RANK:1, ATK:10, DEF:1]
[ID:1, NAME:AI33, profession:Tanker, HP:93, EXP:5, RANK:1, ATK:1, DEF:15]
08-30 14:39:59 ===Attack finished===

08-30 14:40:00 ===Attacking...===
[ID:1, NAME:1, profession:Warrior, HP:84, EXP:31, RANK:1, ATK:13, DEF:1]
[ID:3, NAME:AI39, profession:Warrior, HP:33, EXP:33, RANK:1, ATK:7, DEF:1]
08-30 14:40:01 ===Attack finished===

08-30 14:40:02 ===Attacking...===
[ID:2, NAME:2, profession:Tanker, HP:69, EXP:50, RANK:1, ATK:10, DEF:14]
[ID:3, NAME:AI39, profession:Warrior, HP:19, EXP:35, RANK:1, ATK:7, DEF:1]
08-30 14:40:03 ===Attack finished===

08-30 14:40:04 ===Attacking...===
[ID:2, NAME:2, profession:Tanker, HP:66, EXP:51, RANK:1, ATK:10, DEF:14]
[ID:1, NAME:AI33, profession:Tanker, HP:92, EXP:8, RANK:1, ATK:1, DEF:15]
08-30 14:40:05 ===Attack finished===

08-30 14:40:06 ===Attacking...===
[ID:2, NAME:2, profession:Tanker, HP:63, EXP:52, RANK:1, ATK:10, DEF:14]
[ID:1, NAME:AI33, profession:Tanker, HP:91, EXP:11, RANK:1, ATK:1, DEF:15]
08-30 14:40:07 ===Attack finished===

08-30 14:40:08 ===Attacking...===
[ID:2, NAME:2, profession:Tanker, HP:59, EXP:55, RANK:1, ATK:10, DEF:14]
[ID:1, NAME:AI33, profession:Tanker, HP:88, EXP:15, RANK:1, ATK:1, DEF:15]
08-30 14:40:09 ===Attack finished===

08-30 14:40:10 ===Attacking...===
[ID:1, NAME:1, profession:Warrior, HP:81, EXP:35, RANK:1, ATK:13, DEF:1]
[ID:1, NAME:AI33, profession:Tanker, HP:84, EXP:18, RANK:1, ATK:1, DEF:15]
08-30 14:40:11 ===Attack finished===

08-30 14:40:12 ===Attacking...===
[ID:3, NAME:3, profession:Warrior, HP:65, EXP:22, RANK:1, ATK:10, DEF:1]
[ID:1, NAME:AI33, profession:Tanker, HP:80, EXP:21, RANK:1, ATK:1, DEF:15]
08-30 14:40:13 ===Attack finished===

08-30 14:40:14 ===Attacking...===
[ID:2, NAME:2, profession:Tanker, HP:56, EXP:69, RANK:1, ATK:10, DEF:14]
[ID:3, NAME:AI39, profession:Warrior, HP:5, EXP:38, RANK:1, ATK:7, DEF:1]
08-30 14:40:15 ===Attack finished===

08-30 14:40:16 ===Attacking...===
[ID:3, NAME:3, profession:Warrior, HP:46, EXP:23, RANK:1, ATK:10, DEF:1]
[ID:2, NAME:AI60, profession:Warrior, HP:88, EXP:58, RANK:1, ATK:19, DEF:9]
08-30 14:40:17 ===Attack finished===

08-30 14:40:18 ===Attacking...===
[ID:3, NAME:3, profession:Warrior, HP:26, EXP:25, RANK:1, ATK:10, DEF:1]
[ID:2, NAME:AI60, profession:Warrior, HP:86, EXP:78, RANK:1, ATK:19, DEF:9]
08-30 14:40:19 ===Attack finished===

08-30 14:40:20 ===Attacking...===
[ID:1, NAME:1, profession:Warrior, HP:76, EXP:37, RANK:1, ATK:13, DEF:1]
[ID:1, NAME:AI33, profession:Tanker, HP:78, EXP:26, RANK:1, ATK:1, DEF:15]
08-30 14:40:21 ===Attack finished===

08-30 14:40:22 ===Attacking...===
[ID:2, NAME:2, profession:Tanker, HP:52, EXP:82, RANK:1, ATK:10, DEF:14]
[Dead][ID:3, NAME:AI39, profession:Warrior, HP:0, EXP:42, RANK:1, ATK:7, DEF:1]
08-30 14:40:23 ===Attack finished===

08-30 14:40:24 ===Attacking...===
[ID:1, NAME:1, profession:Warrior, HP:54, EXP:45, RANK:1, ATK:13, DEF:1]
[ID:2, NAME:AI60, profession:Warrior, HP:78, EXP:100, RANK:1, ATK:19, DEF:9]
08-30 14:40:25 ===Attack finished===

'AI60' is upgrated !
08-30 14:40:26 ===Attacking...===
[ID:1, NAME:1, profession:Warrior, HP:30, EXP:51, RANK:1, ATK:13, DEF:1]
[ID:2, NAME:AI60, profession:Warrior, HP:87, EXP:24, RANK:2, ATK:25, DEF:10]
08-30 14:40:27 ===Attack finished===

08-30 14:40:28 ===Attacking...===
[ID:2, NAME:2, profession:Tanker, HP:40, EXP:84, RANK:1, ATK:10, DEF:14]
[ID:2, NAME:AI60, profession:Warrior, HP:85, EXP:36, RANK:2, ATK:25, DEF:10]
08-30 14:40:29 ===Attack finished===

08-30 14:40:30 ===Attacking...===
[ID:1, NAME:1, profession:Warrior, HP:5, EXP:56, RANK:1, ATK:13, DEF:1]
[ID:2, NAME:AI60, profession:Warrior, HP:80, EXP:61, RANK:2, ATK:25, DEF:10]
08-30 14:40:31 ===Attack finished===

08-30 14:40:32 ===Attacking...===
[ID:2, NAME:2, profession:Tanker, HP:25, EXP:85, RANK:1, ATK:10, DEF:14]
[ID:2, NAME:AI60, profession:Warrior, HP:79, EXP:76, RANK:2, ATK:25, DEF:10]
08-30 14:40:33 ===Attack finished===

08-30 14:40:34 ===Attacking...===
[ID:2, NAME:2, profession:Tanker, HP:14, EXP:87, RANK:1, ATK:10, DEF:14]
[ID:2, NAME:AI60, profession:Warrior, HP:77, EXP:87, RANK:2, ATK:25, DEF:10]
08-30 14:40:35 ===Attack finished===

08-30 14:40:36 ===Attacking...===
[Dead][ID:1, NAME:1, profession:Warrior, HP:0, EXP:62, RANK:1, ATK:13, DEF:1]
[ID:2, NAME:AI60, profession:Warrior, HP:71, EXP:112, RANK:2, ATK:25, DEF:10]
08-30 14:40:37 ===Attack finished===

'AI60' is upgrated !
08-30 14:40:38 ===Attacking...===
[Dead][ID:2, NAME:2, profession:Tanker, HP:0, EXP:89, RANK:1, ATK:10, DEF:14]
[ID:2, NAME:AI60, profession:Warrior, HP:85, EXP:29, RANK:3, ATK:28, DEF:11]
08-30 14:40:39 ===Attack finished===

08-30 14:40:40 ===Attacking...===
[ID:3, NAME:3, profession:Warrior, HP:22, EXP:27, RANK:1, ATK:10, DEF:1]
[ID:1, NAME:AI33, profession:Tanker, HP:76, EXP:30, RANK:1, ATK:1, DEF:15]
08-30 14:40:41 ===Attack finished===

08-30 14:40:42 ===Attacking...===
[Dead][ID:3, NAME:3, profession:Warrior, HP:0, EXP:31, RANK:1, ATK:10, DEF:1]
[ID:2, NAME:AI60, profession:Warrior, HP:81, EXP:57, RANK:3, ATK:28, DEF:11]
08-30 14:40:43 ===Attack finished===

08-30 14:40:43 Game Over! You lost!
08-30 14:40:43 
===player's team===
[Dead][ID:1, NAME:1, profession:Warrior, HP:0, EXP:62, RANK:1, ATK:13, DEF:1]
[Dead][ID:2, NAME:2, profession:Tanker, HP:0, EXP:89, RANK:1, ATK:10, DEF:14]
[Dead][ID:3, NAME:3, profession:Warrior, HP:0, EXP:31, RANK:1, ATK:10, DEF:1]
08-30 14:40:43 
===enemy team===
[ID:1, NAME:AI33, profession:Tanker, HP:76, EXP:30, RANK:1, ATK:1, DEF:15]
[ID:2, NAME:AI60, profession:Warrior, HP:81, EXP:57, RANK:3, ATK:28, DEF:11]
[Dead][ID:3, NAME:AI39, profession:Warrior, HP:0, EXP:42, RANK:1, ATK:7, DEF:1]
08-30 14:40:43 Game Over! You lost!
